{"total": {"lines":{"total":32,"covered":17,"skipped":0,"pct":53.13},"statements":{"total":32,"covered":17,"skipped":0,"pct":53.13},"functions":{"total":13,"covered":2,"skipped":0,"pct":15.38},"branches":{"total":10,"covered":0,"skipped":0,"pct":0}}
,"/Users/liuyuan/showcase/app/dbs/db_base.ts": {"lines":{"total":14,"covered":4,"skipped":0,"pct":28.57},"functions":{"total":10,"covered":1,"skipped":0,"pct":10},"statements":{"total":14,"covered":4,"skipped":0,"pct":28.57},"branches":{"total":10,"covered":0,"skipped":0,"pct":0}}
,"/Users/liuyuan/showcase/app/model/Address.js": {"lines":{"total":5,"covered":4,"skipped":0,"pct":80},"functions":{"total":1,"covered":0,"skipped":0,"pct":0},"statements":{"total":5,"covered":4,"skipped":0,"pct":80},"branches":{"total":0,"covered":0,"skipped":0,"pct":100}}
,"/Users/liuyuan/showcase/app/service/user.ts": {"lines":{"total":9,"covered":5,"skipped":0,"pct":55.56},"functions":{"total":1,"covered":0,"skipped":0,"pct":0},"statements":{"total":9,"covered":5,"skipped":0,"pct":55.56},"branches":{"total":0,"covered":0,"skipped":0,"pct":100}}
,"/Users/liuyuan/showcase/config/config.default.js": {"lines":{"total":2,"covered":2,"skipped":0,"pct":100},"functions":{"total":1,"covered":1,"skipped":0,"pct":100},"statements":{"total":2,"covered":2,"skipped":0,"pct":100},"branches":{"total":0,"covered":0,"skipped":0,"pct":100}}
,"/Users/liuyuan/showcase/config/plugin.ts": {"lines":{"total":2,"covered":2,"skipped":0,"pct":100},"functions":{"total":0,"covered":0,"skipped":0,"pct":100},"statements":{"total":2,"covered":2,"skipped":0,"pct":100},"branches":{"total":0,"covered":0,"skipped":0,"pct":100}}
}
