{"/Users/liuyuan/showcase/app/dbs/db_base.ts": {"path":"/Users/liuyuan/showcase/app/dbs/db_base.ts","statementMap":{"0":{"start":{"line":1,"column":16},"end":{"line":57,"column":1}},"1":{"start":{"line":2,"column":16},"end":{"line":2,"column":45}},"2":{"start":{"line":4,"column":4},"end":{"line":55,"column":6}},"3":{"start":{"line":6,"column":25},"end":{"line":6,"column":40}},"4":{"start":{"line":7,"column":12},"end":{"line":7,"column":35}},"5":{"start":{"line":10,"column":12},"end":{"line":12,"column":26}},"6":{"start":{"line":15,"column":12},"end":{"line":15,"column":33}},"7":{"start":{"line":18,"column":12},"end":{"line":21,"column":24}},"8":{"start":{"line":24,"column":12},"end":{"line":26,"column":26}},"9":{"start":{"line":29,"column":12},"end":{"line":32,"column":26}},"10":{"start":{"line":35,"column":12},"end":{"line":41,"column":26}},"11":{"start":{"line":44,"column":12},"end":{"line":46,"column":26}},"12":{"start":{"line":49,"column":12},"end":{"line":53,"column":26}},"13":{"start":{"line":59,"column":0},"end":{"line":59,"column":17}}},"fnMap":{"0":{"name":"(anonymous_0)","decl":{"start":{"line":1,"column":16},"end":{"line":1,"column":17}},"loc":{"start":{"line":1,"column":35},"end":{"line":57,"column":1}}},"1":{"name":"(anonymous_1)","decl":{"start":{"line":5,"column":13},"end":{"line":5,"column":14}},"loc":{"start":{"line":5,"column":35},"end":{"line":8,"column":9}}},"2":{"name":"(anonymous_2)","decl":{"start":{"line":9,"column":13},"end":{"line":9,"column":14}},"loc":{"start":{"line":9,"column":35},"end":{"line":13,"column":9}}},"3":{"name":"(anonymous_3)","decl":{"start":{"line":14,"column":14},"end":{"line":14,"column":15}},"loc":{"start":{"line":14,"column":45},"end":{"line":16,"column":9}}},"4":{"name":"(anonymous_4)","decl":{"start":{"line":17,"column":16},"end":{"line":17,"column":17}},"loc":{"start":{"line":17,"column":54},"end":{"line":22,"column":9}}},"5":{"name":"(anonymous_5)","decl":{"start":{"line":23,"column":18},"end":{"line":23,"column":19}},"loc":{"start":{"line":23,"column":40},"end":{"line":27,"column":9}}},"6":{"name":"(anonymous_6)","decl":{"start":{"line":28,"column":17},"end":{"line":28,"column":18}},"loc":{"start":{"line":28,"column":63},"end":{"line":33,"column":9}}},"7":{"name":"(anonymous_7)","decl":{"start":{"line":34,"column":17},"end":{"line":34,"column":18}},"loc":{"start":{"line":34,"column":102},"end":{"line":42,"column":9}}},"8":{"name":"(anonymous_8)","decl":{"start":{"line":43,"column":16},"end":{"line":43,"column":17}},"loc":{"start":{"line":43,"column":68},"end":{"line":47,"column":9}}},"9":{"name":"(anonymous_9)","decl":{"start":{"line":48,"column":15},"end":{"line":48,"column":16}},"loc":{"start":{"line":48,"column":57},"end":{"line":54,"column":9}}}},"branchMap":{"0":{"loc":{"start":{"line":20,"column":24},"end":{"line":20,"column":35}},"type":"binary-expr","locations":[{"start":{"line":20,"column":24},"end":{"line":20,"column":35}},{"start":{"line":20,"column":39},"end":{"line":20,"column":41}}]},"1":{"loc":{"start":{"line":31,"column":24},"end":{"line":31,"column":35}},"type":"binary-expr","locations":[{"start":{"line":31,"column":24},"end":{"line":31,"column":35}},{"start":{"line":31,"column":39},"end":{"line":31,"column":41}}]},"2":{"loc":{"start":{"line":37,"column":24},"end":{"line":37,"column":35}},"type":"binary-expr","locations":[{"start":{"line":37,"column":24},"end":{"line":37,"column":35}},{"start":{"line":37,"column":39},"end":{"line":37,"column":41}}]},"3":{"loc":{"start":{"line":38,"column":22},"end":{"line":38,"column":31}},"type":"binary-expr","locations":[{"start":{"line":38,"column":22},"end":{"line":38,"column":31}},{"start":{"line":38,"column":35},"end":{"line":38,"column":37}}]},"4":{"loc":{"start":{"line":45,"column":45},"end":{"line":45,"column":57}},"type":"binary-expr","locations":[{"start":{"line":45,"column":45},"end":{"line":45,"column":57}},{"start":{"line":45,"column":61},"end":{"line":45,"column":74}}]}},"s":{"0":1,"1":2,"2":2,"3":0,"4":0,"5":0,"6":0,"7":0,"8":0,"9":0,"10":0,"11":0,"12":0,"13":1},"f":{"0":2,"1":0,"2":0,"3":0,"4":0,"5":0,"6":0,"7":0,"8":0,"9":0},"b":{"0":[0,0],"1":[0,0],"2":[0,0],"3":[0,0],"4":[0,0]}}
,"/Users/liuyuan/showcase/app/model/Address.js": {"path":"/Users/liuyuan/showcase/app/model/Address.js","statementMap":{"0":{"start":{"line":2,"column":17},"end":{"line":2,"column":36}},"1":{"start":{"line":3,"column":15},"end":{"line":3,"column":30}},"2":{"start":{"line":4,"column":20},"end":{"line":19,"column":2}},"3":{"start":{"line":12,"column":56},"end":{"line":12,"column":74}},"4":{"start":{"line":20,"column":0},"end":{"line":20,"column":58}}},"fnMap":{"0":{"name":"(anonymous_0)","decl":{"start":{"line":12,"column":42},"end":{"line":12,"column":43}},"loc":{"start":{"line":12,"column":54},"end":{"line":12,"column":76}},"line":12}},"branchMap":{},"s":{"0":1,"1":1,"2":1,"3":0,"4":1},"f":{"0":0},"b":{},"_coverageSchema":"332fd63041d2c1bcb487cc26dd0d5f7d97098a6c","hash":"d74150c0ee4f31b7e946b3633c9bf7216d661114","contentHash":"ed19a6af009268d2ab39a0b69504d56c_11.7.1"}
,"/Users/liuyuan/showcase/app/service/user.ts": {"path":"/Users/liuyuan/showcase/app/service/user.ts","statementMap":{"0":{"start":{"line":1,"column":0},"end":{"line":1,"column":27}},"1":{"start":{"line":2,"column":0},"end":{"line":2,"column":36}},"2":{"start":{"line":3,"column":0},"end":{"line":3,"column":36}},"3":{"start":{"line":4,"column":18},"end":{"line":4,"column":31}},"4":{"start":{"line":7,"column":8},"end":{"line":7,"column":32}},"5":{"start":{"line":9,"column":8},"end":{"line":9,"column":81}},"6":{"start":{"line":10,"column":21},"end":{"line":10,"column":55}},"7":{"start":{"line":11,"column":8},"end":{"line":11,"column":22}},"8":{"start":{"line":14,"column":0},"end":{"line":14,"column":29}}},"fnMap":{"0":{"name":"(anonymous_0)","decl":{"start":{"line":6,"column":4},"end":{"line":6,"column":8}},"loc":{"start":{"line":6,"column":14},"end":{"line":12,"column":5}}}},"branchMap":{},"s":{"0":2,"1":2,"2":2,"3":2,"4":0,"5":0,"6":0,"7":0,"8":2},"f":{"0":0},"b":{}}
,"/Users/liuyuan/showcase/config/config.default.js": {"path":"/Users/liuyuan/showcase/config/config.default.js","statementMap":{"0":{"start":{"line":31,"column":0},"end":{"line":38,"column":1}},"1":{"start":{"line":32,"column":4},"end":{"line":37,"column":5}}},"fnMap":{"0":{"name":"(anonymous_0)","decl":{"start":{"line":31,"column":17},"end":{"line":31,"column":18}},"loc":{"start":{"line":31,"column":28},"end":{"line":38,"column":1}},"line":31}},"branchMap":{},"s":{"0":1,"1":4},"f":{"0":4},"b":{},"_coverageSchema":"332fd63041d2c1bcb487cc26dd0d5f7d97098a6c","hash":"c9b22080e1647900f42ffa948e5ce8bb880cbb74","contentHash":"4bad43239a7435e0bfbf973790257cc6_11.7.1"}
,"/Users/liuyuan/showcase/config/plugin.ts": {"path":"/Users/liuyuan/showcase/config/plugin.ts","statementMap":{"0":{"start":{"line":3,"column":26},"end":{"line":9,"column":1}},"1":{"start":{"line":10,"column":0},"end":{"line":10,"column":22}}},"fnMap":{},"branchMap":{},"s":{"0":1,"1":1},"f":{},"b":{}}
}
