TN:
SF:/Users/liuyuan/showcase/app/dbs/db_base.ts
FN:1,(anonymous_0)
FN:5,(anonymous_1)
FN:9,(anonymous_2)
FN:14,(anonymous_3)
FN:17,(anonymous_4)
FN:23,(anonymous_5)
FN:28,(anonymous_6)
FN:34,(anonymous_7)
FN:43,(anonymous_8)
FN:48,(anonymous_9)
FNF:10
FNH:1
FNDA:2,(anonymous_0)
FNDA:0,(anonymous_1)
FNDA:0,(anonymous_2)
FNDA:0,(anonymous_3)
FNDA:0,(anonymous_4)
FNDA:0,(anonymous_5)
FNDA:0,(anonymous_6)
FNDA:0,(anonymous_7)
FNDA:0,(anonymous_8)
FNDA:0,(anonymous_9)
DA:1,1
DA:2,2
DA:4,2
DA:6,0
DA:7,0
DA:10,0
DA:15,0
DA:18,0
DA:24,0
DA:29,0
DA:35,0
DA:44,0
DA:49,0
DA:59,1
LF:14
LH:4
BRDA:20,0,0,0
BRDA:20,0,1,0
BRDA:31,1,0,0
BRDA:31,1,1,0
BRDA:37,2,0,0
BRDA:37,2,1,0
BRDA:38,3,0,0
BRDA:38,3,1,0
BRDA:45,4,0,0
BRDA:45,4,1,0
BRF:10
BRH:0
end_of_record
TN:
SF:/Users/liuyuan/showcase/app/model/Address.js
FN:12,(anonymous_0)
FNF:1
FNH:0
FNDA:0,(anonymous_0)
DA:2,1
DA:3,1
DA:4,1
DA:12,0
DA:20,1
LF:5
LH:4
BRF:0
BRH:0
end_of_record
TN:
SF:/Users/liuyuan/showcase/app/service/user.ts
FN:6,(anonymous_0)
FNF:1
FNH:0
FNDA:0,(anonymous_0)
DA:1,2
DA:2,2
DA:3,2
DA:4,2
DA:7,0
DA:9,0
DA:10,0
DA:11,0
DA:14,2
LF:9
LH:5
BRF:0
BRH:0
end_of_record
TN:
SF:/Users/liuyuan/showcase/config/config.default.js
FN:31,(anonymous_0)
FNF:1
FNH:1
FNDA:4,(anonymous_0)
DA:31,1
DA:32,4
LF:2
LH:2
BRF:0
BRH:0
end_of_record
TN:
SF:/Users/liuyuan/showcase/config/plugin.ts
FNF:0
FNH:0
DA:3,1
DA:10,1
LF:2
LH:2
BRF:0
BRH:0
end_of_record
